
--> Start training in total 50 epochs with cuda device. Start...

Epoch 1/50 - loss: 1.8963 - accuracy: 0.2151 - val_loss: 1.7971 - val_accuracy: 0.2488
	--- Save best at ep 1, val_loss: 1.7971, path: /kaggle/working/sgu-2026-facial-expression-recognition/outputs/checkpoints/efficientnet_fer2013/efficientnet_fer2013_04042026_0916_best.pth ---
Epoch 2/50 - loss: 1.7340 - accuracy: 0.3268 - val_loss: 1.6707 - val_accuracy: 0.3681
	--- Save best at ep 2, val_loss: 1.6707, path: /kaggle/working/sgu-2026-facial-expression-recognition/outputs/checkpoints/efficientnet_fer2013/efficientnet_fer2013_04042026_0916_best.pth ---
Epoch 3/50 - loss: 1.5747 - accuracy: 0.4031 - val_loss: 1.4906 - val_accuracy: 0.4347
	--- Save best at ep 3, val_loss: 1.4906, path: /kaggle/working/sgu-2026-facial-expression-recognition/outputs/checkpoints/efficientnet_fer2013/efficientnet_fer2013_04042026_0916_best.pth ---
Epoch 4/50 - loss: 1.4926 - accuracy: 0.4320 - val_loss: 1.3928 - val_accuracy: 0.4717
	--- Save best at ep 4, val_loss: 1.3928, path: /kaggle/working/sgu-2026-facial-expression-recognition/outputs/checkpoints/efficientnet_fer2013/efficientnet_fer2013_04042026_0916_best.pth ---
Epoch 5/50 - loss: 1.4227 - accuracy: 0.4600 - val_loss: 1.3495 - val_accuracy: 0.5015
	--- Save best at ep 5, val_loss: 1.3495, path: /kaggle/working/sgu-2026-facial-expression-recognition/outputs/checkpoints/efficientnet_fer2013/efficientnet_fer2013_04042026_0916_best.pth ---
Epoch 6/50 - loss: 1.3901 - accuracy: 0.4751 - val_loss: 1.2988 - val_accuracy: 0.5102
	--- Save best at ep 6, val_loss: 1.2988, path: /kaggle/working/sgu-2026-facial-expression-recognition/outputs/checkpoints/efficientnet_fer2013/efficientnet_fer2013_04042026_0916_best.pth ---
Epoch 7/50 - loss: 1.3432 - accuracy: 0.4921 - val_loss: 1.3158 - val_accuracy: 0.5235
	-!- No improvement: 1/10
Epoch 8/50 - loss: 1.3167 - accuracy: 0.5003 - val_loss: 1.2789 - val_accuracy: 0.5311
	--- Save best at ep 8, val_loss: 1.2789, path: /kaggle/working/sgu-2026-facial-expression-recognition/outputs/checkpoints/efficientnet_fer2013/efficientnet_fer2013_04042026_0916_best.pth ---
Epoch 9/50 - loss: 1.2987 - accuracy: 0.5122 - val_loss: 1.2458 - val_accuracy: 0.5439
	--- Save best at ep 9, val_loss: 1.2458, path: /kaggle/working/sgu-2026-facial-expression-recognition/outputs/checkpoints/efficientnet_fer2013/efficientnet_fer2013_04042026_0916_best.pth ---
Epoch 10/50 - loss: 1.2642 - accuracy: 0.5196 - val_loss: 1.2533 - val_accuracy: 0.5372
	-!- No improvement: 1/10
Epoch 11/50 - loss: 1.2462 - accuracy: 0.5280 - val_loss: 1.2266 - val_accuracy: 0.5464
	--- Save best at ep 11, val_loss: 1.2266, path: /kaggle/working/sgu-2026-facial-expression-recognition/outputs/checkpoints/efficientnet_fer2013/efficientnet_fer2013_04042026_0916_best.pth ---
Epoch 12/50 - loss: 1.2328 - accuracy: 0.5329 - val_loss: 1.2213 - val_accuracy: 0.5575
	--- Save best at ep 12, val_loss: 1.2213, path: /kaggle/working/sgu-2026-facial-expression-recognition/outputs/checkpoints/efficientnet_fer2013/efficientnet_fer2013_04042026_0916_best.pth ---
Epoch 13/50 - loss: 1.2174 - accuracy: 0.5404 - val_loss: 1.1795 - val_accuracy: 0.5522
	--- Save best at ep 13, val_loss: 1.1795, path: /kaggle/working/sgu-2026-facial-expression-recognition/outputs/checkpoints/efficientnet_fer2013/efficientnet_fer2013_04042026_0916_best.pth ---
Epoch 14/50 - loss: 1.2027 - accuracy: 0.5445 - val_loss: 1.1649 - val_accuracy: 0.5676
	--- Save best at ep 14, val_loss: 1.1649, path: /kaggle/working/sgu-2026-facial-expression-recognition/outputs/checkpoints/efficientnet_fer2013/efficientnet_fer2013_04042026_0916_best.pth ---
Epoch 15/50 - loss: 1.1830 - accuracy: 0.5476 - val_loss: 1.1621 - val_accuracy: 0.5712
	--- Save best at ep 15, val_loss: 1.1621, path: /kaggle/working/sgu-2026-facial-expression-recognition/outputs/checkpoints/efficientnet_fer2013/efficientnet_fer2013_04042026_0916_best.pth ---
Epoch 16/50 - loss: 1.1799 - accuracy: 0.5505 - val_loss: 1.1640 - val_accuracy: 0.5559
	-!- No improvement: 1/10
Epoch 17/50 - loss: 1.1615 - accuracy: 0.5565 - val_loss: 1.1837 - val_accuracy: 0.5681
	-!- No improvement: 2/10
Epoch 18/50 - loss: 1.1487 - accuracy: 0.5586 - val_loss: 1.1493 - val_accuracy: 0.5606
	--- Save best at ep 18, val_loss: 1.1493, path: /kaggle/working/sgu-2026-facial-expression-recognition/outputs/checkpoints/efficientnet_fer2013/efficientnet_fer2013_04042026_0916_best.pth ---
Epoch 19/50 - loss: 1.1470 - accuracy: 0.5616 - val_loss: 1.1604 - val_accuracy: 0.5642
	-!- No improvement: 1/10
Epoch 20/50 - loss: 1.1367 - accuracy: 0.5628 - val_loss: 1.1261 - val_accuracy: 0.5623
	--- Save best at ep 20, val_loss: 1.1261, path: /kaggle/working/sgu-2026-facial-expression-recognition/outputs/checkpoints/efficientnet_fer2013/efficientnet_fer2013_04042026_0916_best.pth ---
Epoch 21/50 - loss: 1.1237 - accuracy: 0.5685 - val_loss: 1.1323 - val_accuracy: 0.5751
	-!- No improvement: 1/10
Epoch 22/50 - loss: 1.1218 - accuracy: 0.5679 - val_loss: 1.1204 - val_accuracy: 0.5809
	--- Save best at ep 22, val_loss: 1.1204, path: /kaggle/working/sgu-2026-facial-expression-recognition/outputs/checkpoints/efficientnet_fer2013/efficientnet_fer2013_04042026_0916_best.pth ---
Epoch 23/50 - loss: 1.1180 - accuracy: 0.5686 - val_loss: 1.1236 - val_accuracy: 0.5965
	-!- No improvement: 1/10
Epoch 24/50 - loss: 1.1079 - accuracy: 0.5752 - val_loss: 1.1837 - val_accuracy: 0.5809
	-!- No improvement: 2/10
Epoch 25/50 - loss: 1.1003 - accuracy: 0.5748 - val_loss: 1.1826 - val_accuracy: 0.5890
	-!- No improvement: 3/10
Epoch 26/50 - loss: 1.0964 - accuracy: 0.5783 - val_loss: 1.1440 - val_accuracy: 0.5896
	-!- No improvement: 4/10
Epoch 27/50 - loss: 1.0420 - accuracy: 0.5947 - val_loss: 1.0867 - val_accuracy: 0.6032
	--- Save best at ep 27, val_loss: 1.0867, path: /kaggle/working/sgu-2026-facial-expression-recognition/outputs/checkpoints/efficientnet_fer2013/efficientnet_fer2013_04042026_0916_best.pth ---
Epoch 28/50 - loss: 1.0342 - accuracy: 0.5949 - val_loss: 1.0580 - val_accuracy: 0.6021
	--- Save best at ep 28, val_loss: 1.0580, path: /kaggle/working/sgu-2026-facial-expression-recognition/outputs/checkpoints/efficientnet_fer2013/efficientnet_fer2013_04042026_0916_best.pth ---
Epoch 29/50 - loss: 1.0250 - accuracy: 0.6024 - val_loss: 1.0426 - val_accuracy: 0.6030
	--- Save best at ep 29, val_loss: 1.0426, path: /kaggle/working/sgu-2026-facial-expression-recognition/outputs/checkpoints/efficientnet_fer2013/efficientnet_fer2013_04042026_0916_best.pth ---
Epoch 30/50 - loss: 1.0051 - accuracy: 0.6079 - val_loss: 1.0716 - val_accuracy: 0.6041
	-!- No improvement: 1/10
Epoch 31/50 - loss: 0.9992 - accuracy: 0.6068 - val_loss: 1.1036 - val_accuracy: 0.6152
	-!- No improvement: 2/10
Epoch 32/50 - loss: 0.9910 - accuracy: 0.6102 - val_loss: 1.0509 - val_accuracy: 0.6071
	-!- No improvement: 3/10
Epoch 33/50 - loss: 1.0033 - accuracy: 0.6095 - val_loss: 1.0567 - val_accuracy: 0.6080
	-!- No improvement: 4/10
Epoch 34/50 - loss: 0.9642 - accuracy: 0.6194 - val_loss: 1.0324 - val_accuracy: 0.6119
	--- Save best at ep 34, val_loss: 1.0324, path: /kaggle/working/sgu-2026-facial-expression-recognition/outputs/checkpoints/efficientnet_fer2013/efficientnet_fer2013_04042026_0916_best.pth ---
Epoch 35/50 - loss: 0.9572 - accuracy: 0.6220 - val_loss: 1.0422 - val_accuracy: 0.6108
	-!- No improvement: 1/10
Epoch 36/50 - loss: 0.9505 - accuracy: 0.6253 - val_loss: 1.0288 - val_accuracy: 0.6141
	--- Save best at ep 36, val_loss: 1.0288, path: /kaggle/working/sgu-2026-facial-expression-recognition/outputs/checkpoints/efficientnet_fer2013/efficientnet_fer2013_04042026_0916_best.pth ---
Epoch 37/50 - loss: 0.9525 - accuracy: 0.6236 - val_loss: 1.0533 - val_accuracy: 0.6183
	-!- No improvement: 1/10
Epoch 38/50 - loss: 0.9411 - accuracy: 0.6287 - val_loss: 1.0359 - val_accuracy: 0.6191
	-!- No improvement: 2/10
Epoch 39/50 - loss: 0.9396 - accuracy: 0.6271 - val_loss: 1.0411 - val_accuracy: 0.6241
	-!- No improvement: 3/10
Epoch 40/50 - loss: 0.9348 - accuracy: 0.6290 - val_loss: 1.0517 - val_accuracy: 0.6275
	-!- No improvement: 4/10
Epoch 41/50 - loss: 0.9185 - accuracy: 0.6342 - val_loss: 1.0623 - val_accuracy: 0.6261
	-!- No improvement: 5/10
Epoch 42/50 - loss: 0.9086 - accuracy: 0.6373 - val_loss: 1.0466 - val_accuracy: 0.6241
	-!- No improvement: 6/10
Epoch 43/50 - loss: 0.9177 - accuracy: 0.6354 - val_loss: 1.0461 - val_accuracy: 0.6291
	-!- No improvement: 7/10
Epoch 44/50 - loss: 0.9150 - accuracy: 0.6351 - val_loss: 1.0423 - val_accuracy: 0.6291
	-!- No improvement: 8/10
Epoch 45/50 - loss: 0.8977 - accuracy: 0.6414 - val_loss: 1.0360 - val_accuracy: 0.6286
	-!- No improvement: 9/10
Epoch 46/50 - loss: 0.8970 - accuracy: 0.6411 - val_loss: 1.0365 - val_accuracy: 0.6317
	-!- No improvement: 10/10
	-_- Early stopping at ep=46

===================================================
Evaluate in test set
===================================================
--> Loading ckpt from /kaggle/working/sgu-2026-facial-expression-recognition/outputs/checkpoints/efficientnet_fer2013/efficientnet_fer2013_04042026_0916_best.pth
Evaluatoin save path: /kaggle/working/sgu-2026-facial-expression-recognition/outputs/figures
Evaluate test set...: 100%|█████████████████████| 57/57 [00:01<00:00, 49.01it/s]

Pushing to WandB & Dashboard...
Compute metrics and confusion matrix...
--> Accuracy: 64.11%
--> Report:
               precision    recall  f1-score      support
angry          0.555340  0.582485  0.568588   491.000000
disgust        0.366071  0.745455  0.491018    55.000000
fear           0.533333  0.318182  0.398577   528.000000
happy          0.903465  0.830489  0.865442   879.000000
sad            0.497545  0.511785  0.504564   594.000000
surprise       0.695833  0.802885  0.745536   416.000000
neutral        0.585561  0.699681  0.637555   626.000000
accuracy       0.641126  0.641126  0.641126     0.641126
macro avg      0.591021  0.641566  0.601611  3589.000000
weighted avg   0.646454  0.641126  0.637035  3589.000000
--> Saved prediction grid to /kaggle/working/sgu-2026-facial-expression-recognition/outputs/figures/correct_preds.png
--> Saved prediction grid to /kaggle/working/sgu-2026-facial-expression-recognition/outputs/figures/wrong_preds.png
Done! Save file at: /kaggle/working/sgu-2026-facial-expression-recognition/outputs/figures

	--> Uploading best ckpt to WandB, please wait...
	--> [WandB] Send File `efficientnet_fer2013_04042026_0916_best.pth` to cloud successfully!
