
--> Start training in total 50 epochs with cuda device. Start...

Epoch 1/50 - loss: 1.8595 - accuracy: 0.2402 - val_loss: 1.7508 - val_accuracy: 0.3399
	--- Save best at ep 1, val_loss: 1.7508, path: /kaggle/working/sgu-2026-facial-expression-recognition/outputs/checkpoints/efficientnet_fer2013/efficientnet_fer2013_04042026_1518_best.pth ---
Epoch 2/50 - loss: 1.6429 - accuracy: 0.3767 - val_loss: 1.5027 - val_accuracy: 0.4185
	--- Save best at ep 2, val_loss: 1.5027, path: /kaggle/working/sgu-2026-facial-expression-recognition/outputs/checkpoints/efficientnet_fer2013/efficientnet_fer2013_04042026_1518_best.pth ---
Epoch 3/50 - loss: 1.5116 - accuracy: 0.4257 - val_loss: 1.6137 - val_accuracy: 0.3951
	-!- No improvement: 1/10
Epoch 4/50 - loss: 1.4285 - accuracy: 0.4568 - val_loss: 1.3707 - val_accuracy: 0.4862
	--- Save best at ep 4, val_loss: 1.3707, path: /kaggle/working/sgu-2026-facial-expression-recognition/outputs/checkpoints/efficientnet_fer2013/efficientnet_fer2013_04042026_1518_best.pth ---
Epoch 5/50 - loss: 1.3736 - accuracy: 0.4791 - val_loss: 1.3418 - val_accuracy: 0.5152
	--- Save best at ep 5, val_loss: 1.3418, path: /kaggle/working/sgu-2026-facial-expression-recognition/outputs/checkpoints/efficientnet_fer2013/efficientnet_fer2013_04042026_1518_best.pth ---
Epoch 6/50 - loss: 1.3319 - accuracy: 0.4987 - val_loss: 1.2710 - val_accuracy: 0.5208
	--- Save best at ep 6, val_loss: 1.2710, path: /kaggle/working/sgu-2026-facial-expression-recognition/outputs/checkpoints/efficientnet_fer2013/efficientnet_fer2013_04042026_1518_best.pth ---
Epoch 7/50 - loss: 1.2975 - accuracy: 0.5105 - val_loss: 1.2799 - val_accuracy: 0.5339
	-!- No improvement: 1/10
Epoch 8/50 - loss: 1.2589 - accuracy: 0.5224 - val_loss: 1.2240 - val_accuracy: 0.5511
	--- Save best at ep 8, val_loss: 1.2240, path: /kaggle/working/sgu-2026-facial-expression-recognition/outputs/checkpoints/efficientnet_fer2013/efficientnet_fer2013_04042026_1518_best.pth ---
Epoch 9/50 - loss: 1.2536 - accuracy: 0.5236 - val_loss: 1.2333 - val_accuracy: 0.5536
	-!- No improvement: 1/10
Epoch 10/50 - loss: 1.2077 - accuracy: 0.5381 - val_loss: 1.2106 - val_accuracy: 0.5536
	--- Save best at ep 10, val_loss: 1.2106, path: /kaggle/working/sgu-2026-facial-expression-recognition/outputs/checkpoints/efficientnet_fer2013/efficientnet_fer2013_04042026_1518_best.pth ---
Epoch 11/50 - loss: 1.2056 - accuracy: 0.5424 - val_loss: 1.2029 - val_accuracy: 0.5656
	--- Save best at ep 11, val_loss: 1.2029, path: /kaggle/working/sgu-2026-facial-expression-recognition/outputs/checkpoints/efficientnet_fer2013/efficientnet_fer2013_04042026_1518_best.pth ---
Epoch 12/50 - loss: 1.1871 - accuracy: 0.5502 - val_loss: 1.2187 - val_accuracy: 0.5639
	-!- No improvement: 1/10
Epoch 13/50 - loss: 1.1678 - accuracy: 0.5557 - val_loss: 1.1831 - val_accuracy: 0.5573
	--- Save best at ep 13, val_loss: 1.1831, path: /kaggle/working/sgu-2026-facial-expression-recognition/outputs/checkpoints/efficientnet_fer2013/efficientnet_fer2013_04042026_1518_best.pth ---
Epoch 14/50 - loss: 1.1591 - accuracy: 0.5549 - val_loss: 1.1409 - val_accuracy: 0.5706
	--- Save best at ep 14, val_loss: 1.1409, path: /kaggle/working/sgu-2026-facial-expression-recognition/outputs/checkpoints/efficientnet_fer2013/efficientnet_fer2013_04042026_1518_best.pth ---
Epoch 15/50 - loss: 1.1424 - accuracy: 0.5624 - val_loss: 1.1719 - val_accuracy: 0.5681
	-!- No improvement: 1/10
Epoch 16/50 - loss: 1.1288 - accuracy: 0.5677 - val_loss: 1.1326 - val_accuracy: 0.5745
	--- Save best at ep 16, val_loss: 1.1326, path: /kaggle/working/sgu-2026-facial-expression-recognition/outputs/checkpoints/efficientnet_fer2013/efficientnet_fer2013_04042026_1518_best.pth ---
Epoch 17/50 - loss: 1.1268 - accuracy: 0.5682 - val_loss: 1.2336 - val_accuracy: 0.5726
	-!- No improvement: 1/10
Epoch 18/50 - loss: 1.1055 - accuracy: 0.5729 - val_loss: 1.1718 - val_accuracy: 0.5743
	-!- No improvement: 2/10
Epoch 19/50 - loss: 1.1012 - accuracy: 0.5741 - val_loss: 1.1810 - val_accuracy: 0.5893
	-!- No improvement: 3/10
Epoch 20/50 - loss: 1.0823 - accuracy: 0.5879 - val_loss: 1.1219 - val_accuracy: 0.5935
	--- Save best at ep 20, val_loss: 1.1219, path: /kaggle/working/sgu-2026-facial-expression-recognition/outputs/checkpoints/efficientnet_fer2013/efficientnet_fer2013_04042026_1518_best.pth ---
Epoch 21/50 - loss: 1.0812 - accuracy: 0.5817 - val_loss: 1.1006 - val_accuracy: 0.5918
	--- Save best at ep 21, val_loss: 1.1006, path: /kaggle/working/sgu-2026-facial-expression-recognition/outputs/checkpoints/efficientnet_fer2013/efficientnet_fer2013_04042026_1518_best.pth ---
Epoch 22/50 - loss: 1.0764 - accuracy: 0.5864 - val_loss: 1.1103 - val_accuracy: 0.5901
	-!- No improvement: 1/10
Epoch 23/50 - loss: 1.0648 - accuracy: 0.5872 - val_loss: 1.1031 - val_accuracy: 0.5974
	-!- No improvement: 2/10
Epoch 24/50 - loss: 1.0779 - accuracy: 0.5859 - val_loss: 1.2281 - val_accuracy: 0.5963
	-!- No improvement: 3/10
Epoch 25/50 - loss: 1.0492 - accuracy: 0.5926 - val_loss: 1.2274 - val_accuracy: 0.5982
	-!- No improvement: 4/10
Epoch 26/50 - loss: 1.0046 - accuracy: 0.6097 - val_loss: 1.0810 - val_accuracy: 0.6186
	--- Save best at ep 26, val_loss: 1.0810, path: /kaggle/working/sgu-2026-facial-expression-recognition/outputs/checkpoints/efficientnet_fer2013/efficientnet_fer2013_04042026_1518_best.pth ---
Epoch 27/50 - loss: 0.9778 - accuracy: 0.6165 - val_loss: 1.0899 - val_accuracy: 0.6208
	-!- No improvement: 1/10
Epoch 28/50 - loss: 0.9697 - accuracy: 0.6186 - val_loss: 1.0877 - val_accuracy: 0.6225
	-!- No improvement: 2/10
Epoch 29/50 - loss: 0.9567 - accuracy: 0.6218 - val_loss: 1.1127 - val_accuracy: 0.6205
	-!- No improvement: 3/10
Epoch 30/50 - loss: 0.9612 - accuracy: 0.6235 - val_loss: 1.1240 - val_accuracy: 0.6255
	-!- No improvement: 4/10
Epoch 31/50 - loss: 0.9283 - accuracy: 0.6321 - val_loss: 1.0933 - val_accuracy: 0.6333
	-!- No improvement: 5/10
Epoch 32/50 - loss: 0.9097 - accuracy: 0.6387 - val_loss: 1.0903 - val_accuracy: 0.6291
	-!- No improvement: 6/10
Epoch 33/50 - loss: 0.9195 - accuracy: 0.6338 - val_loss: 1.0513 - val_accuracy: 0.6255
	--- Save best at ep 33, val_loss: 1.0513, path: /kaggle/working/sgu-2026-facial-expression-recognition/outputs/checkpoints/efficientnet_fer2013/efficientnet_fer2013_04042026_1518_best.pth ---
Epoch 34/50 - loss: 0.9103 - accuracy: 0.6395 - val_loss: 1.0860 - val_accuracy: 0.6308
	-!- No improvement: 1/10
Epoch 35/50 - loss: 0.9070 - accuracy: 0.6389 - val_loss: 1.0637 - val_accuracy: 0.6280
	-!- No improvement: 2/10
Epoch 36/50 - loss: 0.8887 - accuracy: 0.6435 - val_loss: 1.0912 - val_accuracy: 0.6294
	-!- No improvement: 3/10
Epoch 37/50 - loss: 0.8974 - accuracy: 0.6435 - val_loss: 1.1051 - val_accuracy: 0.6275
	-!- No improvement: 4/10
Epoch 38/50 - loss: 0.8840 - accuracy: 0.6486 - val_loss: 1.0783 - val_accuracy: 0.6333
	-!- No improvement: 5/10
Epoch 39/50 - loss: 0.8668 - accuracy: 0.6536 - val_loss: 1.0828 - val_accuracy: 0.6428
	-!- No improvement: 6/10
Epoch 40/50 - loss: 0.8644 - accuracy: 0.6552 - val_loss: 1.0905 - val_accuracy: 0.6347
	-!- No improvement: 7/10
Epoch 41/50 - loss: 0.8667 - accuracy: 0.6543 - val_loss: 1.0954 - val_accuracy: 0.6375
	-!- No improvement: 8/10
Epoch 42/50 - loss: 0.8504 - accuracy: 0.6603 - val_loss: 1.0692 - val_accuracy: 0.6342
	-!- No improvement: 9/10
Epoch 43/50 - loss: 0.8555 - accuracy: 0.6581 - val_loss: 1.0918 - val_accuracy: 0.6361
	-!- No improvement: 10/10
	-_- Early stopping at ep=43

===================================================
Evaluate in test set
===================================================
--> Loading ckpt from /kaggle/working/sgu-2026-facial-expression-recognition/outputs/checkpoints/efficientnet_fer2013/efficientnet_fer2013_04042026_1518_best.pth
Evaluatoin save path: /kaggle/working/sgu-2026-facial-expression-recognition/outputs/figures
Evaluate test set...: 100%|█████████████████████| 57/57 [00:01<00:00, 44.64it/s]

Pushing to WandB & Dashboard...
Compute metrics and confusion matrix...
--> Accuracy: 64.17%
--> Report:
               precision    recall  f1-score      support
angry          0.546992  0.592668  0.568915   491.000000
disgust        0.432692  0.818182  0.566038    55.000000
fear           0.513812  0.352273  0.417978   528.000000
happy          0.887393  0.824801  0.854953   879.000000
sad            0.529058  0.444444  0.483074   594.000000
surprise       0.677866  0.824519  0.744035   416.000000
neutral        0.583875  0.717252  0.643728   626.000000
accuracy       0.641683  0.641683  0.641683     0.641683
macro avg      0.595956  0.653449  0.611246  3589.000000
weighted avg   0.642363  0.641683  0.635860  3589.000000
--> Saved prediction grid to /kaggle/working/sgu-2026-facial-expression-recognition/outputs/figures/correct_preds.png
--> Saved prediction grid to /kaggle/working/sgu-2026-facial-expression-recognition/outputs/figures/wrong_preds.png
Done! Save file at: /kaggle/working/sgu-2026-facial-expression-recognition/outputs/figures

	--> Uploading best ckpt to WandB, please wait...
	--> [WandB] Send File `efficientnet_fer2013_04042026_1518_best.pth` to cloud successfully!
